{"uuid": "c5233411-0f3c-42d1-a90a-e6c753852546", "children": ["2c7ebc09-9895-4501-adcc-460a38eccd5e"], "befores": [{"name": "login", "status": "passed", "start": 1708341263124, "stop": 1708341263124}], "afters": [{"name": "login::0", "status": "broken", "statusDetails": {"message": "selenium.common.exceptions.NoSuchElementException: Message: no such element: Unable to locate element: {\"method\":\"css selector\",\"selector\":\"#react-burger-menu-btn\"}\n  (Session info: chrome=121.0.6167.184); For documentation on this error, please visit: https://www.selenium.dev/documentation/webdriver/troubleshooting/errors#no-such-element-exception\nStacktrace:\n0   chromedriver                        0x0000000106003538 chromedriver + 4687160\n1   chromedriver                        0x0000000105ffad83 chromedriver + 4652419\n2   chromedriver                        0x0000000105bebfbd chromedriver + 397245\n3   chromedriver                        0x0000000105c37c3c chromedriver + 707644\n4   chromedriver                        0x0000000105c37e11 chromedriver + 708113\n5   chromedriver                        0x0000000105c7c274 chromedriver + 987764\n6   chromedriver                        0x0000000105c5a92d chromedriver + 850221\n7   chromedriver                        0x0000000105c797bc chromedriver + 976828\n8   chromedriver                        0x0000000105c5a6a3 chromedriver + 849571\n9   chromedriver                        0x0000000105c2a17f chromedriver + 651647\n10  chromedriver                        0x0000000105c2b15e chromedriver + 655710\n11  chromedriver                        0x0000000105fc3980 chromedriver + 4426112\n12  chromedriver                        0x0000000105fc8c18 chromedriver + 4447256\n13  chromedriver                        0x0000000105fa7e81 chromedriver + 4312705\n14  chromedriver                        0x0000000105fc9966 chromedriver + 4450662\n15  chromedriver                        0x0000000105f99c9c chromedriver + 4254876\n16  chromedriver                        0x0000000105fe9528 chromedriver + 4580648\n17  chromedriver                        0x0000000105fe96de chromedriver + 4581086\n18  chromedriver                        0x0000000105ffa9c3 chromedriver + 4651459\n19  libsystem_pthread.dylib             0x00007ff80d5f7202 _pthread_start + 99\n20  libsystem_pthread.dylib             0x00007ff80d5f2bab thread_start + 15\n\n", "trace": "  File \"/Users/nathanrosenthal/PycharmProjects/Saucedemo_POM1/venv/lib/python3.12/site-packages/allure_commons/_allure.py\", line 221, in __call__\n    return self._fixture_function(*args, **kwargs)\n           ^^^^^^^^^^^^^^^^^^^^^^^^^^^^^^^^^^^^^^^\n  File \"/Users/nathanrosenthal/PycharmProjects/Saucedemo_POM1/venv/lib/python3.12/site-packages/_pytest/fixtures.py\", line 932, in _teardown_yield_fixture\n    next(it)\n  File \"/Users/nathanrosenthal/PycharmProjects/Saucedemo_POM1/tests_v2/conftest.py\", line 71, in login\n    page_objects[\"side_bar_menu\"].reset_app_state_and_logout()\n  File \"/Users/nathanrosenthal/PycharmProjects/Saucedemo_POM1/venv/lib/python3.12/site-packages/allure_commons/_allure.py\", line 192, in impl\n    return func(*a, **kw)\n           ^^^^^^^^^^^^^^\n  File \"/Users/nathanrosenthal/PycharmProjects/Saucedemo_POM1/pages/sidebar_menu.py\", line 38, in reset_app_state_and_logout\n    self.open_side_menu()\n  File \"/Users/nathanrosenthal/PycharmProjects/Saucedemo_POM1/pages/sidebar_menu.py\", line 16, in open_side_menu\n    self.click(self.SIDE_MENU_HAMBURGER_BUTTON)\n  File \"/Users/nathanrosenthal/PycharmProjects/Saucedemo_POM1/pages/base_page.py\", line 25, in click\n    self.driver.find_element(*locator).click()\n    ^^^^^^^^^^^^^^^^^^^^^^^^^^^^^^^^^^\n  File \"/Users/nathanrosenthal/PycharmProjects/Saucedemo_POM1/venv/lib/python3.12/site-packages/selenium/webdriver/remote/webdriver.py\", line 742, in find_element\n    return self.execute(Command.FIND_ELEMENT, {\"using\": by, \"value\": value})[\"value\"]\n           ^^^^^^^^^^^^^^^^^^^^^^^^^^^^^^^^^^^^^^^^^^^^^^^^^^^^^^^^^^^^^^^^^\n  File \"/Users/nathanrosenthal/PycharmProjects/Saucedemo_POM1/venv/lib/python3.12/site-packages/selenium/webdriver/remote/webdriver.py\", line 348, in execute\n    self.error_handler.check_response(response)\n  File \"/Users/nathanrosenthal/PycharmProjects/Saucedemo_POM1/venv/lib/python3.12/site-packages/selenium/webdriver/remote/errorhandler.py\", line 229, in check_response\n    raise exception_class(message, screen, stacktrace)\n"}, "steps": [{"name": "Test cleanup - Reset app state and logout", "status": "broken", "statusDetails": {"message": "selenium.common.exceptions.NoSuchElementException: Message: no such element: Unable to locate element: {\"method\":\"css selector\",\"selector\":\"#react-burger-menu-btn\"}\n  (Session info: chrome=121.0.6167.184); For documentation on this error, please visit: https://www.selenium.dev/documentation/webdriver/troubleshooting/errors#no-such-element-exception\nStacktrace:\n0   chromedriver                        0x0000000106003538 chromedriver + 4687160\n1   chromedriver                        0x0000000105ffad83 chromedriver + 4652419\n2   chromedriver                        0x0000000105bebfbd chromedriver + 397245\n3   chromedriver                        0x0000000105c37c3c chromedriver + 707644\n4   chromedriver                        0x0000000105c37e11 chromedriver + 708113\n5   chromedriver                        0x0000000105c7c274 chromedriver + 987764\n6   chromedriver                        0x0000000105c5a92d chromedriver + 850221\n7   chromedriver                        0x0000000105c797bc chromedriver + 976828\n8   chromedriver                        0x0000000105c5a6a3 chromedriver + 849571\n9   chromedriver                        0x0000000105c2a17f chromedriver + 651647\n10  chromedriver                        0x0000000105c2b15e chromedriver + 655710\n11  chromedriver                        0x0000000105fc3980 chromedriver + 4426112\n12  chromedriver                        0x0000000105fc8c18 chromedriver + 4447256\n13  chromedriver                        0x0000000105fa7e81 chromedriver + 4312705\n14  chromedriver                        0x0000000105fc9966 chromedriver + 4450662\n15  chromedriver                        0x0000000105f99c9c chromedriver + 4254876\n16  chromedriver                        0x0000000105fe9528 chromedriver + 4580648\n17  chromedriver                        0x0000000105fe96de chromedriver + 4581086\n18  chromedriver                        0x0000000105ffa9c3 chromedriver + 4651459\n19  libsystem_pthread.dylib             0x00007ff80d5f7202 _pthread_start + 99\n20  libsystem_pthread.dylib             0x00007ff80d5f2bab thread_start + 15\n\n", "trace": "  File \"/Users/nathanrosenthal/PycharmProjects/Saucedemo_POM1/venv/lib/python3.12/site-packages/allure_commons/_allure.py\", line 192, in impl\n    return func(*a, **kw)\n           ^^^^^^^^^^^^^^\n  File \"/Users/nathanrosenthal/PycharmProjects/Saucedemo_POM1/pages/sidebar_menu.py\", line 38, in reset_app_state_and_logout\n    self.open_side_menu()\n  File \"/Users/nathanrosenthal/PycharmProjects/Saucedemo_POM1/pages/sidebar_menu.py\", line 16, in open_side_menu\n    self.click(self.SIDE_MENU_HAMBURGER_BUTTON)\n  File \"/Users/nathanrosenthal/PycharmProjects/Saucedemo_POM1/pages/base_page.py\", line 25, in click\n    self.driver.find_element(*locator).click()\n    ^^^^^^^^^^^^^^^^^^^^^^^^^^^^^^^^^^\n  File \"/Users/nathanrosenthal/PycharmProjects/Saucedemo_POM1/venv/lib/python3.12/site-packages/selenium/webdriver/remote/webdriver.py\", line 742, in find_element\n    return self.execute(Command.FIND_ELEMENT, {\"using\": by, \"value\": value})[\"value\"]\n           ^^^^^^^^^^^^^^^^^^^^^^^^^^^^^^^^^^^^^^^^^^^^^^^^^^^^^^^^^^^^^^^^^\n  File \"/Users/nathanrosenthal/PycharmProjects/Saucedemo_POM1/venv/lib/python3.12/site-packages/selenium/webdriver/remote/webdriver.py\", line 348, in execute\n    self.error_handler.check_response(response)\n  File \"/Users/nathanrosenthal/PycharmProjects/Saucedemo_POM1/venv/lib/python3.12/site-packages/selenium/webdriver/remote/errorhandler.py\", line 229, in check_response\n    raise exception_class(message, screen, stacktrace)\n"}, "start": 1708341274162, "stop": 1708341275173}], "start": 1708341274162, "stop": 1708341275180}], "start": 1708341263124, "stop": 1708341275180}